<?xml version="1.0" encoding="UTF-8"?>
<!-- Generated by org.testng.reporters.JUnitReportReporter -->
<testsuite hostname="IDP-HZGMZH3" failures="0" tests="1" name="tests.rest.TC011_delete3" time="9.407" errors="0" timestamp="2022-11-10T22:57:44 IST" skipped="0">
  <testcase classname="tests.rest.TC011_delete3" name="deleteIncident" time="9.407"/>
  <system-out/>
</testsuite> <!-- tests.rest.TC011_delete3 -->
