<?xml version="1.0" encoding="UTF-8"?>
<!-- Generated by org.testng.reporters.JUnitReportReporter -->
<testsuite hostname="IDP-HZGMZH3" failures="0" tests="1" name="tests.rest.TC011_PutIncident2" time="6.246" errors="0" timestamp="2022-11-10T22:57:44 IST" skipped="0">
  <testcase classname="tests.rest.TC011_PutIncident2" name="putIncident" time="6.246"/>
  <system-out/>
</testsuite> <!-- tests.rest.TC011_PutIncident2 -->
